{"/Users/macair/Documents/FER/INFSUS/DZ/DZ3/at/src/app.ts": {"path":"/Users/macair/Documents/FER/INFSUS/DZ/DZ3/at/src/app.ts","statementMap":{"0":{"start":{"line":13,"column":12},"end":{"line":13,"column":21}},"1":{"start":{"line":16,"column":0},"end":{"line":16,"column":48}},"2":{"start":{"line":17,"column":0},"end":{"line":17,"column":30}},"3":{"start":{"line":19,"column":0},"end":{"line":19,"column":23}},"4":{"start":{"line":20,"column":0},"end":{"line":20,"column":24}},"5":{"start":{"line":21,"column":0},"end":{"line":21,"column":49}},"6":{"start":{"line":22,"column":0},"end":{"line":22,"column":24}},"7":{"start":{"line":23,"column":0},"end":{"line":23,"column":56}},"8":{"start":{"line":25,"column":0},"end":{"line":25,"column":26}},"9":{"start":{"line":26,"column":0},"end":{"line":26,"column":28}},"10":{"start":{"line":27,"column":0},"end":{"line":27,"column":33}},"11":{"start":{"line":28,"column":0},"end":{"line":28,"column":31}},"12":{"start":{"line":31,"column":0},"end":{"line":33,"column":3}},"13":{"start":{"line":32,"column":2},"end":{"line":32,"column":25}},"14":{"start":{"line":36,"column":0},"end":{"line":44,"column":3}},"15":{"start":{"line":38,"column":2},"end":{"line":38,"column":35}},"16":{"start":{"line":39,"column":2},"end":{"line":39,"column":69}},"17":{"start":{"line":42,"column":2},"end":{"line":42,"column":32}},"18":{"start":{"line":43,"column":2},"end":{"line":43,"column":22}}},"fnMap":{"0":{"name":"(anonymous_0)","decl":{"start":{"line":31,"column":8},"end":{"line":31,"column":9}},"loc":{"start":{"line":31,"column":33},"end":{"line":33,"column":1}},"line":31},"1":{"name":"(anonymous_1)","decl":{"start":{"line":36,"column":8},"end":{"line":36,"column":9}},"loc":{"start":{"line":36,"column":77},"end":{"line":44,"column":1}},"line":36}},"branchMap":{"0":{"loc":{"start":{"line":39,"column":21},"end":{"line":39,"column":68}},"type":"cond-expr","locations":[{"start":{"line":39,"column":60},"end":{"line":39,"column":63}},{"start":{"line":39,"column":66},"end":{"line":39,"column":68}}],"line":39},"1":{"loc":{"start":{"line":42,"column":13},"end":{"line":42,"column":30}},"type":"binary-expr","locations":[{"start":{"line":42,"column":13},"end":{"line":42,"column":23}},{"start":{"line":42,"column":27},"end":{"line":42,"column":30}}],"line":42}},"s":{"0":1,"1":1,"2":1,"3":1,"4":1,"5":1,"6":1,"7":1,"8":1,"9":1,"10":1,"11":1,"12":1,"13":0,"14":1,"15":0,"16":0,"17":0,"18":0},"f":{"0":0,"1":0},"b":{"0":[0,0],"1":[0,0]},"_coverageSchema":"1a1c01bbd47fc00a2c39e90264f33305004495a9","hash":"df5941775565d8ee2b4f8dc96f2c31f4ef175db2"}
,"/Users/macair/Documents/FER/INFSUS/DZ/DZ3/at/src/controllers/carsController.ts": {"path":"/Users/macair/Documents/FER/INFSUS/DZ/DZ3/at/src/controllers/carsController.ts","statementMap":{"0":{"start":{"line":3,"column":15},"end":{"line":3,"column":31}},"1":{"start":{"line":20,"column":13},"end":{"line":63,"column":1}},"2":{"start":{"line":67,"column":0},"end":{"line":69,"column":3}},"3":{"start":{"line":68,"column":2},"end":{"line":68,"column":50}}},"fnMap":{"0":{"name":"(anonymous_0)","decl":{"start":{"line":67,"column":16},"end":{"line":67,"column":17}},"loc":{"start":{"line":67,"column":30},"end":{"line":69,"column":1}},"line":67}},"branchMap":{},"s":{"0":1,"1":1,"2":1,"3":0},"f":{"0":0},"b":{},"_coverageSchema":"1a1c01bbd47fc00a2c39e90264f33305004495a9","hash":"b49fc49bd74de7cbbd4dc68aad6b3b4046716442"}
,"/Users/macair/Documents/FER/INFSUS/DZ/DZ3/at/src/controllers/indexController.ts": {"path":"/Users/macair/Documents/FER/INFSUS/DZ/DZ3/at/src/controllers/indexController.ts","statementMap":{"0":{"start":{"line":3,"column":15},"end":{"line":3,"column":31}},"1":{"start":{"line":6,"column":0},"end":{"line":8,"column":3}},"2":{"start":{"line":7,"column":2},"end":{"line":7,"column":23}}},"fnMap":{"0":{"name":"(anonymous_0)","decl":{"start":{"line":6,"column":16},"end":{"line":6,"column":17}},"loc":{"start":{"line":6,"column":69},"end":{"line":8,"column":1}},"line":6}},"branchMap":{},"s":{"0":1,"1":1,"2":0},"f":{"0":0},"b":{},"_coverageSchema":"1a1c01bbd47fc00a2c39e90264f33305004495a9","hash":"562869bc9ffc96c5b9ae8aff1c1bb929383121c3"}
,"/Users/macair/Documents/FER/INFSUS/DZ/DZ3/at/src/controllers/markaController.ts": {"path":"/Users/macair/Documents/FER/INFSUS/DZ/DZ3/at/src/controllers/markaController.ts","statementMap":{"0":{"start":{"line":4,"column":25},"end":{"line":11,"column":1}},"1":{"start":{"line":5,"column":2},"end":{"line":10,"column":3}},"2":{"start":{"line":6,"column":18},"end":{"line":6,"column":37}},"3":{"start":{"line":7,"column":4},"end":{"line":7,"column":40}},"4":{"start":{"line":9,"column":4},"end":{"line":9,"column":51}},"5":{"start":{"line":13,"column":25},"end":{"line":25,"column":1}},"6":{"start":{"line":14,"column":18},"end":{"line":14,"column":39}},"7":{"start":{"line":15,"column":2},"end":{"line":24,"column":3}},"8":{"start":{"line":16,"column":18},"end":{"line":16,"column":45}},"9":{"start":{"line":17,"column":4},"end":{"line":21,"column":5}},"10":{"start":{"line":18,"column":6},"end":{"line":18,"column":42}},"11":{"start":{"line":20,"column":6},"end":{"line":20,"column":46}},"12":{"start":{"line":23,"column":4},"end":{"line":23,"column":51}},"13":{"start":{"line":27,"column":34},"end":{"line":34,"column":1}},"14":{"start":{"line":28,"column":2},"end":{"line":33,"column":3}},"15":{"start":{"line":29,"column":21},"end":{"line":29,"column":48}},"16":{"start":{"line":30,"column":4},"end":{"line":30,"column":27}},"17":{"start":{"line":32,"column":4},"end":{"line":32,"column":49}},"18":{"start":{"line":36,"column":34},"end":{"line":44,"column":1}},"19":{"start":{"line":37,"column":18},"end":{"line":37,"column":39}},"20":{"start":{"line":38,"column":2},"end":{"line":43,"column":3}},"21":{"start":{"line":39,"column":25},"end":{"line":39,"column":61}},"22":{"start":{"line":40,"column":4},"end":{"line":40,"column":46}},"23":{"start":{"line":42,"column":4},"end":{"line":42,"column":49}},"24":{"start":{"line":46,"column":34},"end":{"line":54,"column":1}},"25":{"start":{"line":47,"column":18},"end":{"line":47,"column":39}},"26":{"start":{"line":48,"column":2},"end":{"line":53,"column":3}},"27":{"start":{"line":49,"column":4},"end":{"line":49,"column":31}},"28":{"start":{"line":50,"column":4},"end":{"line":50,"column":27}},"29":{"start":{"line":52,"column":4},"end":{"line":52,"column":49}}},"fnMap":{"0":{"name":"(anonymous_0)","decl":{"start":{"line":4,"column":25},"end":{"line":4,"column":26}},"loc":{"start":{"line":4,"column":64},"end":{"line":11,"column":1}},"line":4},"1":{"name":"(anonymous_1)","decl":{"start":{"line":13,"column":25},"end":{"line":13,"column":26}},"loc":{"start":{"line":13,"column":64},"end":{"line":25,"column":1}},"line":13},"2":{"name":"(anonymous_2)","decl":{"start":{"line":27,"column":34},"end":{"line":27,"column":35}},"loc":{"start":{"line":27,"column":73},"end":{"line":34,"column":1}},"line":27},"3":{"name":"(anonymous_3)","decl":{"start":{"line":36,"column":34},"end":{"line":36,"column":35}},"loc":{"start":{"line":36,"column":73},"end":{"line":44,"column":1}},"line":36},"4":{"name":"(anonymous_4)","decl":{"start":{"line":46,"column":34},"end":{"line":46,"column":35}},"loc":{"start":{"line":46,"column":73},"end":{"line":54,"column":1}},"line":46}},"branchMap":{"0":{"loc":{"start":{"line":17,"column":4},"end":{"line":21,"column":5}},"type":"if","locations":[{"start":{"line":17,"column":4},"end":{"line":21,"column":5}},{"start":{"line":19,"column":11},"end":{"line":21,"column":5}}],"line":17}},"s":{"0":1,"1":0,"2":0,"3":0,"4":0,"5":1,"6":0,"7":0,"8":0,"9":0,"10":0,"11":0,"12":0,"13":1,"14":0,"15":0,"16":0,"17":0,"18":1,"19":0,"20":0,"21":0,"22":0,"23":0,"24":1,"25":0,"26":0,"27":0,"28":0,"29":0},"f":{"0":0,"1":0,"2":0,"3":0,"4":0},"b":{"0":[0,0]},"_coverageSchema":"1a1c01bbd47fc00a2c39e90264f33305004495a9","hash":"754f6458a81eaac5001d1f96ee5d82f82cf49892"}
,"/Users/macair/Documents/FER/INFSUS/DZ/DZ3/at/src/controllers/oglasController.ts": {"path":"/Users/macair/Documents/FER/INFSUS/DZ/DZ3/at/src/controllers/oglasController.ts","statementMap":{"0":{"start":{"line":5,"column":26},"end":{"line":8,"column":1}},"1":{"start":{"line":6,"column":17},"end":{"line":6,"column":37}},"2":{"start":{"line":7,"column":2},"end":{"line":7,"column":40}},"3":{"start":{"line":10,"column":25},"end":{"line":17,"column":1}},"4":{"start":{"line":11,"column":16},"end":{"line":11,"column":57}},"5":{"start":{"line":12,"column":2},"end":{"line":16,"column":3}},"6":{"start":{"line":13,"column":4},"end":{"line":13,"column":41}},"7":{"start":{"line":15,"column":4},"end":{"line":15,"column":44}},"8":{"start":{"line":19,"column":35},"end":{"line":31,"column":1}},"9":{"start":{"line":20,"column":16},"end":{"line":20,"column":35}},"10":{"start":{"line":24,"column":2},"end":{"line":30,"column":4}},"11":{"start":{"line":33,"column":34},"end":{"line":56,"column":1}},"12":{"start":{"line":34,"column":29},"end":{"line":34,"column":37}},"13":{"start":{"line":35,"column":16},"end":{"line":54,"column":4}},"14":{"start":{"line":55,"column":2},"end":{"line":55,"column":38}},"15":{"start":{"line":58,"column":34},"end":{"line":61,"column":1}},"16":{"start":{"line":59,"column":16},"end":{"line":59,"column":66}},"17":{"start":{"line":60,"column":2},"end":{"line":60,"column":38}},"18":{"start":{"line":63,"column":34},"end":{"line":66,"column":1}},"19":{"start":{"line":64,"column":2},"end":{"line":64,"column":43}},"20":{"start":{"line":65,"column":2},"end":{"line":65,"column":26}}},"fnMap":{"0":{"name":"(anonymous_0)","decl":{"start":{"line":5,"column":26},"end":{"line":5,"column":27}},"loc":{"start":{"line":5,"column":65},"end":{"line":8,"column":1}},"line":5},"1":{"name":"(anonymous_1)","decl":{"start":{"line":10,"column":25},"end":{"line":10,"column":26}},"loc":{"start":{"line":10,"column":64},"end":{"line":17,"column":1}},"line":10},"2":{"name":"(anonymous_2)","decl":{"start":{"line":19,"column":35},"end":{"line":19,"column":36}},"loc":{"start":{"line":19,"column":74},"end":{"line":31,"column":1}},"line":19},"3":{"name":"(anonymous_3)","decl":{"start":{"line":33,"column":34},"end":{"line":33,"column":35}},"loc":{"start":{"line":33,"column":73},"end":{"line":56,"column":1}},"line":33},"4":{"name":"(anonymous_4)","decl":{"start":{"line":58,"column":34},"end":{"line":58,"column":35}},"loc":{"start":{"line":58,"column":73},"end":{"line":61,"column":1}},"line":58},"5":{"name":"(anonymous_5)","decl":{"start":{"line":63,"column":34},"end":{"line":63,"column":35}},"loc":{"start":{"line":63,"column":73},"end":{"line":66,"column":1}},"line":63}},"branchMap":{"0":{"loc":{"start":{"line":12,"column":2},"end":{"line":16,"column":3}},"type":"if","locations":[{"start":{"line":12,"column":2},"end":{"line":16,"column":3}},{"start":{"line":14,"column":9},"end":{"line":16,"column":3}}],"line":12}},"s":{"0":1,"1":1,"2":0,"3":1,"4":0,"5":0,"6":0,"7":0,"8":1,"9":0,"10":0,"11":1,"12":0,"13":0,"14":0,"15":1,"16":0,"17":0,"18":1,"19":0,"20":0},"f":{"0":1,"1":0,"2":0,"3":0,"4":0,"5":0},"b":{"0":[0,0]},"_coverageSchema":"1a1c01bbd47fc00a2c39e90264f33305004495a9","hash":"e68dcb5dc03b3f529292e5d49f46f124a5244502"}
,"/Users/macair/Documents/FER/INFSUS/DZ/DZ3/at/src/models/Marka.ts": {"path":"/Users/macair/Documents/FER/INFSUS/DZ/DZ3/at/src/models/Marka.ts","statementMap":{"0":{"start":{"line":3,"column":15},"end":{"line":3,"column":33}},"1":{"start":{"line":5,"column":27},"end":{"line":24,"column":1}},"2":{"start":{"line":6,"column":2},"end":{"line":6,"column":39}},"3":{"start":{"line":26,"column":28},"end":{"line":30,"column":1}},"4":{"start":{"line":27,"column":2},"end":{"line":29,"column":5}},"5":{"start":{"line":32,"column":27},"end":{"line":36,"column":1}},"6":{"start":{"line":33,"column":2},"end":{"line":35,"column":5}},"7":{"start":{"line":38,"column":27},"end":{"line":43,"column":1}},"8":{"start":{"line":39,"column":2},"end":{"line":42,"column":5}},"9":{"start":{"line":45,"column":27},"end":{"line":49,"column":1}},"10":{"start":{"line":46,"column":2},"end":{"line":48,"column":5}}},"fnMap":{"0":{"name":"(anonymous_0)","decl":{"start":{"line":5,"column":27},"end":{"line":5,"column":28}},"loc":{"start":{"line":5,"column":57},"end":{"line":24,"column":1}},"line":5},"1":{"name":"(anonymous_1)","decl":{"start":{"line":26,"column":28},"end":{"line":26,"column":29}},"loc":{"start":{"line":26,"column":73},"end":{"line":30,"column":1}},"line":26},"2":{"name":"(anonymous_2)","decl":{"start":{"line":32,"column":27},"end":{"line":32,"column":28}},"loc":{"start":{"line":32,"column":78},"end":{"line":36,"column":1}},"line":32},"3":{"name":"(anonymous_3)","decl":{"start":{"line":38,"column":27},"end":{"line":38,"column":28}},"loc":{"start":{"line":38,"column":87},"end":{"line":43,"column":1}},"line":38},"4":{"name":"(anonymous_4)","decl":{"start":{"line":45,"column":27},"end":{"line":45,"column":28}},"loc":{"start":{"line":45,"column":65},"end":{"line":49,"column":1}},"line":45}},"branchMap":{},"s":{"0":1,"1":1,"2":0,"3":1,"4":0,"5":1,"6":0,"7":1,"8":0,"9":1,"10":0},"f":{"0":0,"1":0,"2":0,"3":0,"4":0},"b":{},"_coverageSchema":"1a1c01bbd47fc00a2c39e90264f33305004495a9","hash":"041ad147f39631b25f6acd1b3d0afd6c6971b061"}
,"/Users/macair/Documents/FER/INFSUS/DZ/DZ3/at/src/models/Oglas.ts": {"path":"/Users/macair/Documents/FER/INFSUS/DZ/DZ3/at/src/models/Oglas.ts","statementMap":{"0":{"start":{"line":3,"column":15},"end":{"line":3,"column":33}},"1":{"start":{"line":5,"column":28},"end":{"line":7,"column":1}},"2":{"start":{"line":6,"column":2},"end":{"line":6,"column":39}},"3":{"start":{"line":9,"column":28},"end":{"line":13,"column":1}},"4":{"start":{"line":10,"column":2},"end":{"line":12,"column":5}},"5":{"start":{"line":15,"column":27},"end":{"line":19,"column":1}},"6":{"start":{"line":16,"column":2},"end":{"line":18,"column":5}},"7":{"start":{"line":21,"column":27},"end":{"line":26,"column":1}},"8":{"start":{"line":22,"column":2},"end":{"line":25,"column":5}},"9":{"start":{"line":28,"column":27},"end":{"line":32,"column":1}},"10":{"start":{"line":29,"column":2},"end":{"line":31,"column":5}}},"fnMap":{"0":{"name":"(anonymous_0)","decl":{"start":{"line":5,"column":28},"end":{"line":5,"column":29}},"loc":{"start":{"line":5,"column":58},"end":{"line":7,"column":1}},"line":5},"1":{"name":"(anonymous_1)","decl":{"start":{"line":9,"column":28},"end":{"line":9,"column":29}},"loc":{"start":{"line":9,"column":73},"end":{"line":13,"column":1}},"line":9},"2":{"name":"(anonymous_2)","decl":{"start":{"line":15,"column":27},"end":{"line":15,"column":28}},"loc":{"start":{"line":15,"column":78},"end":{"line":19,"column":1}},"line":15},"3":{"name":"(anonymous_3)","decl":{"start":{"line":21,"column":27},"end":{"line":21,"column":28}},"loc":{"start":{"line":21,"column":87},"end":{"line":26,"column":1}},"line":21},"4":{"name":"(anonymous_4)","decl":{"start":{"line":28,"column":27},"end":{"line":28,"column":28}},"loc":{"start":{"line":28,"column":65},"end":{"line":32,"column":1}},"line":28}},"branchMap":{},"s":{"0":1,"1":1,"2":1,"3":1,"4":0,"5":1,"6":0,"7":1,"8":0,"9":1,"10":0},"f":{"0":1,"1":0,"2":0,"3":0,"4":0},"b":{},"_coverageSchema":"1a1c01bbd47fc00a2c39e90264f33305004495a9","hash":"3d689e67eeeb51f72180da45a6721f3418e52da2"}
,"/Users/macair/Documents/FER/INFSUS/DZ/DZ3/at/src/routes/marke.ts": {"path":"/Users/macair/Documents/FER/INFSUS/DZ/DZ3/at/src/routes/marke.ts","statementMap":{"0":{"start":{"line":4,"column":15},"end":{"line":4,"column":31}},"1":{"start":{"line":6,"column":0},"end":{"line":6,"column":27}},"2":{"start":{"line":7,"column":0},"end":{"line":7,"column":30}},"3":{"start":{"line":8,"column":0},"end":{"line":8,"column":37}},"4":{"start":{"line":9,"column":0},"end":{"line":9,"column":39}},"5":{"start":{"line":10,"column":0},"end":{"line":10,"column":42}}},"fnMap":{},"branchMap":{},"s":{"0":1,"1":1,"2":1,"3":1,"4":1,"5":1},"f":{},"b":{},"_coverageSchema":"1a1c01bbd47fc00a2c39e90264f33305004495a9","hash":"277f30e30bc002af0004b62587104f75bdb6fa10"}
,"/Users/macair/Documents/FER/INFSUS/DZ/DZ3/at/src/routes/oglasi.ts": {"path":"/Users/macair/Documents/FER/INFSUS/DZ/DZ3/at/src/routes/oglasi.ts","statementMap":{"0":{"start":{"line":4,"column":15},"end":{"line":4,"column":31}},"1":{"start":{"line":6,"column":0},"end":{"line":6,"column":28}},"2":{"start":{"line":7,"column":0},"end":{"line":7,"column":40}},"3":{"start":{"line":8,"column":0},"end":{"line":8,"column":30}},"4":{"start":{"line":9,"column":0},"end":{"line":9,"column":37}},"5":{"start":{"line":10,"column":0},"end":{"line":10,"column":39}},"6":{"start":{"line":11,"column":0},"end":{"line":11,"column":42}}},"fnMap":{},"branchMap":{},"s":{"0":1,"1":1,"2":1,"3":1,"4":1,"5":1,"6":1},"f":{},"b":{},"_coverageSchema":"1a1c01bbd47fc00a2c39e90264f33305004495a9","hash":"ac4764c2fd2431037d84bcfda5db273fb4921462"}
}
