{"/Users/macair/Documents/FER/INFSUS/DZ/DZ3/at/src/controllers/markaController.ts": {"path":"/Users/macair/Documents/FER/INFSUS/DZ/DZ3/at/src/controllers/markaController.ts","statementMap":{"0":{"start":{"line":4,"column":25},"end":{"line":11,"column":1}},"1":{"start":{"line":5,"column":2},"end":{"line":10,"column":3}},"2":{"start":{"line":6,"column":18},"end":{"line":6,"column":37}},"3":{"start":{"line":7,"column":4},"end":{"line":7,"column":40}},"4":{"start":{"line":9,"column":4},"end":{"line":9,"column":51}},"5":{"start":{"line":13,"column":25},"end":{"line":25,"column":1}},"6":{"start":{"line":14,"column":18},"end":{"line":14,"column":39}},"7":{"start":{"line":15,"column":2},"end":{"line":24,"column":3}},"8":{"start":{"line":16,"column":18},"end":{"line":16,"column":45}},"9":{"start":{"line":17,"column":4},"end":{"line":21,"column":5}},"10":{"start":{"line":18,"column":6},"end":{"line":18,"column":42}},"11":{"start":{"line":20,"column":6},"end":{"line":20,"column":46}},"12":{"start":{"line":23,"column":4},"end":{"line":23,"column":51}},"13":{"start":{"line":27,"column":34},"end":{"line":34,"column":1}},"14":{"start":{"line":28,"column":2},"end":{"line":33,"column":3}},"15":{"start":{"line":29,"column":21},"end":{"line":29,"column":48}},"16":{"start":{"line":30,"column":4},"end":{"line":30,"column":27}},"17":{"start":{"line":32,"column":4},"end":{"line":32,"column":49}},"18":{"start":{"line":36,"column":34},"end":{"line":44,"column":1}},"19":{"start":{"line":37,"column":18},"end":{"line":37,"column":39}},"20":{"start":{"line":38,"column":2},"end":{"line":43,"column":3}},"21":{"start":{"line":39,"column":25},"end":{"line":39,"column":61}},"22":{"start":{"line":40,"column":4},"end":{"line":40,"column":46}},"23":{"start":{"line":42,"column":4},"end":{"line":42,"column":49}},"24":{"start":{"line":46,"column":34},"end":{"line":54,"column":1}},"25":{"start":{"line":47,"column":18},"end":{"line":47,"column":39}},"26":{"start":{"line":48,"column":2},"end":{"line":53,"column":3}},"27":{"start":{"line":49,"column":4},"end":{"line":49,"column":31}},"28":{"start":{"line":50,"column":4},"end":{"line":50,"column":27}},"29":{"start":{"line":52,"column":4},"end":{"line":52,"column":49}}},"fnMap":{"0":{"name":"(anonymous_0)","decl":{"start":{"line":4,"column":25},"end":{"line":4,"column":26}},"loc":{"start":{"line":4,"column":64},"end":{"line":11,"column":1}},"line":4},"1":{"name":"(anonymous_1)","decl":{"start":{"line":13,"column":25},"end":{"line":13,"column":26}},"loc":{"start":{"line":13,"column":64},"end":{"line":25,"column":1}},"line":13},"2":{"name":"(anonymous_2)","decl":{"start":{"line":27,"column":34},"end":{"line":27,"column":35}},"loc":{"start":{"line":27,"column":73},"end":{"line":34,"column":1}},"line":27},"3":{"name":"(anonymous_3)","decl":{"start":{"line":36,"column":34},"end":{"line":36,"column":35}},"loc":{"start":{"line":36,"column":73},"end":{"line":44,"column":1}},"line":36},"4":{"name":"(anonymous_4)","decl":{"start":{"line":46,"column":34},"end":{"line":46,"column":35}},"loc":{"start":{"line":46,"column":73},"end":{"line":54,"column":1}},"line":46}},"branchMap":{"0":{"loc":{"start":{"line":17,"column":4},"end":{"line":21,"column":5}},"type":"if","locations":[{"start":{"line":17,"column":4},"end":{"line":21,"column":5}},{"start":{"line":19,"column":11},"end":{"line":21,"column":5}}],"line":17}},"s":{"0":1,"1":1,"2":1,"3":1,"4":0,"5":1,"6":2,"7":2,"8":2,"9":2,"10":1,"11":1,"12":0,"13":1,"14":2,"15":2,"16":1,"17":1,"18":1,"19":2,"20":2,"21":2,"22":1,"23":1,"24":1,"25":1,"26":1,"27":1,"28":1,"29":0},"f":{"0":1,"1":2,"2":2,"3":2,"4":1},"b":{"0":[1,1]},"_coverageSchema":"1a1c01bbd47fc00a2c39e90264f33305004495a9","hash":"754f6458a81eaac5001d1f96ee5d82f82cf49892"}
,"/Users/macair/Documents/FER/INFSUS/DZ/DZ3/at/src/models/Marka.ts": {"path":"/Users/macair/Documents/FER/INFSUS/DZ/DZ3/at/src/models/Marka.ts","statementMap":{"0":{"start":{"line":3,"column":15},"end":{"line":3,"column":33}},"1":{"start":{"line":5,"column":27},"end":{"line":24,"column":1}},"2":{"start":{"line":6,"column":2},"end":{"line":6,"column":39}},"3":{"start":{"line":26,"column":28},"end":{"line":30,"column":1}},"4":{"start":{"line":27,"column":2},"end":{"line":29,"column":5}},"5":{"start":{"line":32,"column":27},"end":{"line":36,"column":1}},"6":{"start":{"line":33,"column":2},"end":{"line":35,"column":5}},"7":{"start":{"line":38,"column":27},"end":{"line":43,"column":1}},"8":{"start":{"line":39,"column":2},"end":{"line":42,"column":5}},"9":{"start":{"line":45,"column":27},"end":{"line":49,"column":1}},"10":{"start":{"line":46,"column":2},"end":{"line":48,"column":5}}},"fnMap":{"0":{"name":"(anonymous_0)","decl":{"start":{"line":5,"column":27},"end":{"line":5,"column":28}},"loc":{"start":{"line":5,"column":57},"end":{"line":24,"column":1}},"line":5},"1":{"name":"(anonymous_1)","decl":{"start":{"line":26,"column":28},"end":{"line":26,"column":29}},"loc":{"start":{"line":26,"column":73},"end":{"line":30,"column":1}},"line":26},"2":{"name":"(anonymous_2)","decl":{"start":{"line":32,"column":27},"end":{"line":32,"column":28}},"loc":{"start":{"line":32,"column":78},"end":{"line":36,"column":1}},"line":32},"3":{"name":"(anonymous_3)","decl":{"start":{"line":38,"column":27},"end":{"line":38,"column":28}},"loc":{"start":{"line":38,"column":87},"end":{"line":43,"column":1}},"line":38},"4":{"name":"(anonymous_4)","decl":{"start":{"line":45,"column":27},"end":{"line":45,"column":28}},"loc":{"start":{"line":45,"column":65},"end":{"line":49,"column":1}},"line":45}},"branchMap":{},"s":{"0":1,"1":1,"2":0,"3":1,"4":0,"5":1,"6":0,"7":1,"8":0,"9":1,"10":0},"f":{"0":0,"1":0,"2":0,"3":0,"4":0},"b":{},"_coverageSchema":"1a1c01bbd47fc00a2c39e90264f33305004495a9","hash":"041ad147f39631b25f6acd1b3d0afd6c6971b061"}
}
