TN:
SF:src/controllers/markaController.ts
FN:4,(anonymous_0)
FN:13,(anonymous_1)
FN:27,(anonymous_2)
FN:36,(anonymous_3)
FN:46,(anonymous_4)
FNF:5
FNH:5
FNDA:1,(anonymous_0)
FNDA:2,(anonymous_1)
FNDA:2,(anonymous_2)
FNDA:2,(anonymous_3)
FNDA:1,(anonymous_4)
DA:4,1
DA:5,1
DA:6,1
DA:7,1
DA:9,0
DA:13,1
DA:14,2
DA:15,2
DA:16,2
DA:17,2
DA:18,1
DA:20,1
DA:23,0
DA:27,1
DA:28,2
DA:29,2
DA:30,1
DA:32,1
DA:36,1
DA:37,2
DA:38,2
DA:39,2
DA:40,1
DA:42,1
DA:46,1
DA:47,1
DA:48,1
DA:49,1
DA:50,1
DA:52,0
LF:30
LH:27
BRDA:17,0,0,1
BRDA:17,0,1,1
BRF:2
BRH:2
end_of_record
TN:
SF:src/controllers/oglasController.ts
FN:6,(anonymous_0)
FN:13,(anonymous_1)
FN:32,(anonymous_2)
FN:46,(anonymous_3)
FN:64,(anonymous_4)
FN:88,(anonymous_5)
FN:93,(anonymous_6)
FNF:7
FNH:5
FNDA:1,(anonymous_0)
FNDA:2,(anonymous_1)
FNDA:0,(anonymous_2)
FNDA:1,(anonymous_3)
FNDA:1,(anonymous_4)
FNDA:1,(anonymous_5)
FNDA:0,(anonymous_6)
DA:6,1
DA:7,1
DA:8,1
DA:13,1
DA:14,2
DA:15,2
DA:16,2
DA:18,2
DA:19,1
DA:28,1
DA:32,1
DA:33,0
DA:35,0
DA:46,1
DA:47,1
DA:48,1
DA:61,1
DA:64,1
DA:65,1
DA:66,1
DA:67,1
DA:81,1
DA:84,0
DA:88,1
DA:89,1
DA:90,1
DA:93,1
DA:94,0
DA:97,0
DA:98,0
DA:99,0
DA:103,0
DA:104,0
LF:33
LH:24
BRDA:18,0,0,1
BRDA:18,0,1,1
BRDA:97,1,0,0
BRDA:97,1,1,0
BRDA:97,2,0,0
BRDA:97,2,1,0
BRF:6
BRH:2
end_of_record
TN:
SF:src/models/Marka.ts
FN:5,(anonymous_0)
FN:26,(anonymous_1)
FN:32,(anonymous_2)
FN:38,(anonymous_3)
FN:48,(anonymous_4)
FNF:5
FNH:0
FNDA:0,(anonymous_0)
FNDA:0,(anonymous_1)
FNDA:0,(anonymous_2)
FNDA:0,(anonymous_3)
FNDA:0,(anonymous_4)
DA:3,2
DA:5,2
DA:6,0
DA:26,2
DA:27,0
DA:32,2
DA:33,0
DA:38,2
DA:42,0
DA:48,2
DA:49,0
LF:11
LH:6
BRF:0
BRH:0
end_of_record
TN:
SF:src/models/Oglas.ts
FN:5,(anonymous_0)
FN:9,(anonymous_1)
FN:15,(anonymous_2)
FN:21,(anonymous_3)
FN:28,(anonymous_4)
FN:34,(anonymous_5)
FNF:6
FNH:0
FNDA:0,(anonymous_0)
FNDA:0,(anonymous_1)
FNDA:0,(anonymous_2)
FNDA:0,(anonymous_3)
FNDA:0,(anonymous_4)
FNDA:0,(anonymous_5)
DA:3,1
DA:5,1
DA:6,0
DA:9,1
DA:10,0
DA:15,1
DA:16,0
DA:21,1
DA:22,0
DA:28,1
DA:29,0
DA:34,1
DA:35,0
LF:13
LH:7
BRF:0
BRH:0
end_of_record
TN:
SF:src/models/PovijestServisiranja.ts
FN:6,(anonymous_0)
FN:32,(anonymous_1)
FN:36,(anonymous_2)
FN:40,(anonymous_3)
FN:48,(anonymous_4)
FN:55,(anonymous_5)
FN:58,(anonymous_6)
FN:67,(anonymous_7)
FN:114,(anonymous_8)
FNF:9
FNH:0
FNDA:0,(anonymous_0)
FNDA:0,(anonymous_1)
FNDA:0,(anonymous_2)
FNDA:0,(anonymous_3)
FNDA:0,(anonymous_4)
FNDA:0,(anonymous_5)
FNDA:0,(anonymous_6)
FNDA:0,(anonymous_7)
FNDA:0,(anonymous_8)
DA:4,1
DA:6,1
DA:12,0
DA:21,0
DA:22,0
DA:25,0
DA:32,1
DA:35,0
DA:36,0
DA:40,1
DA:43,0
DA:48,1
DA:51,0
DA:55,0
DA:58,1
DA:61,0
DA:62,0
DA:67,1
DA:77,0
DA:81,0
DA:82,0
DA:86,0
DA:97,0
DA:98,0
DA:99,0
DA:102,0
DA:108,0
DA:114,1
DA:117,0
LF:29
LH:8
BRDA:21,0,0,0
BRDA:21,0,1,0
BRDA:22,1,0,0
BRDA:22,1,1,0
BRDA:81,2,0,0
BRDA:81,2,1,0
BRDA:97,3,0,0
BRDA:97,3,1,0
BRDA:99,4,0,0
BRDA:99,4,1,0
BRF:10
BRH:0
end_of_record
